Logfile initialized
[INFO] logfile = /Users/jwheat/Documents/Titanium Studio Workspace/TiWeather/build.log
[DEBUG] /Users/jwheat/Library/Application Support/Titanium/mobilesdk/osx/2.1.1.GA/android/builder.py simulator TiWeather /Users/jwheat/android-sdk-macosx /Users/jwheat/Documents/Titanium Studio Workspace/TiWeather net.codedog.tiweather 4 WVGA854 
[INFO] Building TiWeather for Android ... one moment
[INFO] Titanium SDK version: 2.1.1 (07/27/12 14:01 0fd84a2)
[DEBUG] Waiting for device to be ready ...
[TRACE] adb devices returned 1 devices/emulators
[DEBUG] Device connected... (waited 0 seconds)
[DEBUG] waited 0.021949 seconds on emulator to get ready
[DEBUG] net.codedog.tiweather installed? False
[WARN] Fastdev enabled, but server isn't running, deploying normally
[INFO] Copying CommonJS modules...
[INFO] Copying project resources..
[INFO] Tiapp.xml unchanged, skipping class generation
[DEBUG] Processing Android resource drawables
[DEBUG] found drawable-long-land-hdpi splash screen at /Users/jwheat/Documents/Titanium Studio Workspace/TiWeather/Resources/android/images/res-long-land-hdpi/default.png
[DEBUG] found drawable-long-land-ldpi splash screen at /Users/jwheat/Documents/Titanium Studio Workspace/TiWeather/Resources/android/images/res-long-land-ldpi/default.png
[DEBUG] found drawable-long-port-hdpi splash screen at /Users/jwheat/Documents/Titanium Studio Workspace/TiWeather/Resources/android/images/res-long-port-hdpi/default.png
[DEBUG] found drawable-long-port-ldpi splash screen at /Users/jwheat/Documents/Titanium Studio Workspace/TiWeather/Resources/android/images/res-long-port-ldpi/default.png
[DEBUG] found drawable-notlong-land-hdpi splash screen at /Users/jwheat/Documents/Titanium Studio Workspace/TiWeather/Resources/android/images/res-notlong-land-hdpi/default.png
[DEBUG] found drawable-notlong-land-ldpi splash screen at /Users/jwheat/Documents/Titanium Studio Workspace/TiWeather/Resources/android/images/res-notlong-land-ldpi/default.png
[DEBUG] found drawable-notlong-land-mdpi splash screen at /Users/jwheat/Documents/Titanium Studio Workspace/TiWeather/Resources/android/images/res-notlong-land-mdpi/default.png
[DEBUG] found drawable-notlong-port-hdpi splash screen at /Users/jwheat/Documents/Titanium Studio Workspace/TiWeather/Resources/android/images/res-notlong-port-hdpi/default.png
[DEBUG] found drawable-notlong-port-ldpi splash screen at /Users/jwheat/Documents/Titanium Studio Workspace/TiWeather/Resources/android/images/res-notlong-port-ldpi/default.png
[DEBUG] found drawable-notlong-port-mdpi splash screen at /Users/jwheat/Documents/Titanium Studio Workspace/TiWeather/Resources/android/images/res-notlong-port-mdpi/default.png
[INFO] Waiting for SDCard to become available..
[DEBUG] creating unsigned apk: /Users/jwheat/Documents/Titanium Studio Workspace/TiWeather/build/android/bin/app-unsigned.apk
[DEBUG] from resource zip => assets/Resources/images/01.png
[DEBUG] from resource zip => assets/Resources/images/02.png
[DEBUG] from resource zip => assets/Resources/images/03.png
[DEBUG] from resource zip => assets/Resources/images/04.png
[DEBUG] from resource zip => assets/Resources/images/05.png
[DEBUG] from resource zip => assets/Resources/images/06.png
[DEBUG] from resource zip => assets/Resources/images/07.png
[DEBUG] from resource zip => assets/Resources/images/08.png
[DEBUG] from resource zip => assets/Resources/images/09.png
[DEBUG] from resource zip => assets/Resources/images/10.png
[DEBUG] from resource zip => assets/Resources/images/11.png
[DEBUG] from resource zip => assets/Resources/images/12.png
[DEBUG] from resource zip => assets/Resources/images/13.png
[DEBUG] from resource zip => assets/Resources/images/14.png
[DEBUG] from resource zip => assets/Resources/images/15.png
[DEBUG] from resource zip => assets/Resources/images/16.png
[DEBUG] from resource zip => assets/Resources/images/17.png
[DEBUG] from resource zip => assets/Resources/images/18.png
[DEBUG] from resource zip => assets/Resources/images/19.png
[DEBUG] from resource zip => assets/Resources/images/20.png
[DEBUG] from resource zip => assets/Resources/images/21.png
[DEBUG] from resource zip => assets/Resources/images/22.png
[DEBUG] from resource zip => assets/Resources/images/23.png
[DEBUG] from resource zip => assets/Resources/images/24.png
[DEBUG] from resource zip => assets/Resources/images/25.png
[DEBUG] from resource zip => assets/Resources/images/26.png
[DEBUG] from resource zip => assets/Resources/images/27.png
[DEBUG] from resource zip => assets/Resources/images/28.png
[DEBUG] from resource zip => assets/Resources/images/29.png
[DEBUG] from resource zip => assets/Resources/images/30.png
[DEBUG] from resource zip => assets/Resources/images/31.png
[DEBUG] from resource zip => assets/Resources/images/32.png
[DEBUG] from resource zip => assets/Resources/images/33.png
[DEBUG] from resource zip => assets/Resources/images/34.png
[DEBUG] from resource zip => assets/Resources/images/35.png
[DEBUG] from resource zip => assets/Resources/images/36.png
[DEBUG] from resource zip => assets/Resources/images/37.png
[DEBUG] from resource zip => assets/Resources/images/38.png
[DEBUG] from resource zip => assets/Resources/images/39.png
[DEBUG] from resource zip => assets/Resources/images/40.png
[DEBUG] from resource zip => assets/Resources/images/41.png
[DEBUG] from resource zip => assets/Resources/images/42.png
[DEBUG] from resource zip => assets/Resources/images/43.png
[DEBUG] from resource zip => assets/Resources/images/44.png
[DEBUG] from resource zip => assets/Resources/images/45.png
[DEBUG] from resource zip => assets/Resources/images/46.png
[DEBUG] from resource zip => assets/Resources/images/47.png
[DEBUG] from resource zip => assets/Resources/images/48.png
[DEBUG] from resource zip => assets/Resources/images/49.png
[DEBUG] from resource zip => assets/Resources/images/Default.png
[DEBUG] from resource zip => assets/Resources/images/bgblue.png
[DEBUG] from resource zip => assets/Resources/images/whiteArrow.png
[DEBUG] from resource zip => assets/Resources/ui/common/FirstView.js
[DEBUG] from resource zip => assets/Resources/ui/common/json_parse_FirstView.js
[DEBUG] from resource zip => assets/Resources/ui/common/json_pulled_from_database_FirstView.js
[DEBUG] from resource zip => assets/Resources/ui/handheld/android/ApplicationWindow.js
[DEBUG] from resource zip => assets/Resources/ui/handheld/ApplicationWindow.js
[DEBUG] from resource zip => assets/Resources/ui/tablet/ApplicationWindow.js
[DEBUG] from resource zip => assets/Resources/KS_nav_ui.png
[DEBUG] from resource zip => assets/Resources/KS_nav_views.png
[DEBUG] from resource zip => assets/Resources/app.js
[DEBUG] from resource zip => assets/Resources/appicon.png
[DEBUG] from resource zip => assets/Resources/default.png
[DEBUG] from resource zip => assets/Resources/getWeather.js
[DEBUG] from resource zip => assets/Resources/tiweather.sqlite
[DEBUG] from resource zip => assets/app.json
[DEBUG] from resource zip => assets/index.json
[DEBUG] from resource zip => assets/tiapp.xml
[DEBUG] from resource zip => res/drawable/appicon.png
[DEBUG] from resource zip => res/drawable/background.png
[DEBUG] from resource zip => res/layout/titanium_tabgroup.xml
[DEBUG] from resource zip => AndroidManifest.xml
[DEBUG] from resource zip => resources.arsc
[DEBUG] from resource zip => res/drawable-long-land-hdpi/background.png
[DEBUG] from resource zip => res/drawable-long-land-ldpi/background.png
[DEBUG] from resource zip => res/drawable-long-port-hdpi/background.png
[DEBUG] from resource zip => res/drawable-long-port-ldpi/background.png
[DEBUG] from resource zip => res/drawable-notlong-land-hdpi/background.png
[DEBUG] from resource zip => res/drawable-notlong-land-ldpi/background.png
[DEBUG] from resource zip => res/drawable-notlong-land-mdpi/background.png
[DEBUG] from resource zip => res/drawable-notlong-port-hdpi/background.png
[DEBUG] from resource zip => res/drawable-notlong-port-ldpi/background.png
[DEBUG] from resource zip => res/drawable-notlong-port-mdpi/background.png
[DEBUG] from JAR /Users/jwheat/Library/Application Support/Titanium/mobilesdk/osx/2.1.1.GA/android/modules/titanium-ui.jar => ti/modules/titanium/ui/widget/webview/binding.js
[DEBUG] from JAR /Users/jwheat/Library/Application Support/Titanium/mobilesdk/osx/2.1.1.GA/android/modules/titanium-ui.jar => ti/modules/titanium/ui/widget/webview/binding.min.js
[DEBUG] from JAR /Users/jwheat/Library/Application Support/Titanium/mobilesdk/osx/2.1.1.GA/android/modules/titanium-ui.jar => ti/modules/titanium/ui/widget/webview/json2.js
[DEBUG] from JAR /Users/jwheat/Library/Application Support/Titanium/mobilesdk/osx/2.1.1.GA/android/modules/titanium-ui.jar => ti/modules/titanium/ui/widget/webview/polling.js
[DEBUG] from JAR /Users/jwheat/Library/Application Support/Titanium/mobilesdk/osx/2.1.1.GA/android/modules/titanium-ui.jar => ti/modules/titanium/ui/widget/webview/polling.min.js
[DEBUG] from JAR /Users/jwheat/Library/Application Support/Titanium/mobilesdk/osx/2.1.1.GA/android/thirdparty.jar => org/apache/Commons-NOTICE.txt
[DEBUG] from JAR /Users/jwheat/Library/Application Support/Titanium/mobilesdk/osx/2.1.1.GA/android/thirdparty.jar => org/apache/HttpComponents-NOTICE.txt
[DEBUG] from JAR /Users/jwheat/Library/Application Support/Titanium/mobilesdk/osx/2.1.1.GA/android/thirdparty.jar => org/apache/mime4j-NOTICE.txt
[DEBUG] from JAR /Users/jwheat/Library/Application Support/Titanium/mobilesdk/osx/2.1.1.GA/android/titanium.jar => org/appcelerator/titanium/build.properties
[DEBUG] from JAR /Users/jwheat/Library/Application Support/Titanium/mobilesdk/osx/2.1.1.GA/android/titanium.jar => org/appcelerator/titanium/res/drawable/background.png
[DEBUG] from JAR /Users/jwheat/Library/Application Support/Titanium/mobilesdk/osx/2.1.1.GA/android/titanium.jar => org/appcelerator/titanium/res/drawable/btn_check_buttonless_on.png
[DEBUG] from JAR /Users/jwheat/Library/Application Support/Titanium/mobilesdk/osx/2.1.1.GA/android/titanium.jar => org/appcelerator/titanium/res/drawable/btn_check_buttonless_on_18.png
[DEBUG] from JAR /Users/jwheat/Library/Application Support/Titanium/mobilesdk/osx/2.1.1.GA/android/titanium.jar => org/appcelerator/titanium/res/drawable/btn_check_buttonless_on_48.png
[DEBUG] from JAR /Users/jwheat/Library/Application Support/Titanium/mobilesdk/osx/2.1.1.GA/android/titanium.jar => org/appcelerator/titanium/res/drawable/btn_more.png
[DEBUG] from JAR /Users/jwheat/Library/Application Support/Titanium/mobilesdk/osx/2.1.1.GA/android/titanium.jar => org/appcelerator/titanium/res/drawable/btn_more_18.png
[DEBUG] from JAR /Users/jwheat/Library/Application Support/Titanium/mobilesdk/osx/2.1.1.GA/android/titanium.jar => org/appcelerator/titanium/res/drawable/btn_more_48.png
[DEBUG] from JAR /Users/jwheat/Library/Application Support/Titanium/mobilesdk/osx/2.1.1.GA/android/titanium.jar => org/appcelerator/titanium/res/drawable/btn_picker_normal.9.png
[DEBUG] from JAR /Users/jwheat/Library/Application Support/Titanium/mobilesdk/osx/2.1.1.GA/android/titanium.jar => org/appcelerator/titanium/res/drawable/btn_picker_pressed.9.png
[DEBUG] from JAR /Users/jwheat/Library/Application Support/Titanium/mobilesdk/osx/2.1.1.GA/android/titanium.jar => org/appcelerator/titanium/res/drawable/btn_picker_selected.9.png
[DEBUG] from JAR /Users/jwheat/Library/Application Support/Titanium/mobilesdk/osx/2.1.1.GA/android/titanium.jar => org/appcelerator/titanium/res/drawable/default_icon.png
[DEBUG] from JAR /Users/jwheat/Library/Application Support/Titanium/mobilesdk/osx/2.1.1.GA/android/titanium.jar => org/appcelerator/titanium/res/drawable/photoDefault.png
[DEBUG] installing native SDK libs
[DEBUG] Waiting for device to be ready ...
[TRACE] adb devices returned 1 devices/emulators
[DEBUG] Device connected... (waited 0 seconds)
[DEBUG] waited 0.020182 seconds on emulator to get ready
[INFO] Installing application on emulator
[INFO] Launching application ... TiWeather
[TRACE] Launch output: Starting: Intent { act=android.intent.action.MAIN cat=[android.intent.category.LAUNCHER] cmp=net.codedog.tiweather/.TiweatherActivity }

[INFO] Deployed TiWeather ... Application should be running.
[INFO] Android Emulator has exited
